[2022-11-22T17:04:54.130+0000] {taskinstance.py:1165} INFO - Dependencies all met for <TaskInstance: my_first_dag.weblog manual__2022-11-22T16:59:51.238724+00:00 [queued]>
[2022-11-22T17:04:54.142+0000] {taskinstance.py:1165} INFO - Dependencies all met for <TaskInstance: my_first_dag.weblog manual__2022-11-22T16:59:51.238724+00:00 [queued]>
[2022-11-22T17:04:54.143+0000] {taskinstance.py:1362} INFO - 
--------------------------------------------------------------------------------
[2022-11-22T17:04:54.145+0000] {taskinstance.py:1363} INFO - Starting attempt 2 of 3
[2022-11-22T17:04:54.147+0000] {taskinstance.py:1364} INFO - 
--------------------------------------------------------------------------------
[2022-11-22T17:04:54.161+0000] {taskinstance.py:1383} INFO - Executing <Task(PythonOperator): weblog> on 2022-11-22 16:59:51.238724+00:00
[2022-11-22T17:04:54.168+0000] {standard_task_runner.py:55} INFO - Started process 186 to run task
[2022-11-22T17:04:54.173+0000] {standard_task_runner.py:82} INFO - Running: ['***', 'tasks', 'run', 'my_first_dag', 'weblog', 'manual__2022-11-22T16:59:51.238724+00:00', '--job-id', '36', '--raw', '--subdir', 'DAGS_FOLDER/my_first_dag.py', '--cfg-path', '/tmp/tmplu7xka5g']
[2022-11-22T17:04:54.175+0000] {standard_task_runner.py:83} INFO - Job 36: Subtask weblog
[2022-11-22T17:04:54.214+0000] {task_command.py:376} INFO - Running <TaskInstance: my_first_dag.weblog manual__2022-11-22T16:59:51.238724+00:00 [running]> on host 663c7a325818
[2022-11-22T17:04:54.269+0000] {taskinstance.py:1592} INFO - Exporting the following env vars:
AIRFLOW_CTX_DAG_OWNER=***
AIRFLOW_CTX_DAG_ID=my_first_dag
AIRFLOW_CTX_TASK_ID=weblog
AIRFLOW_CTX_EXECUTION_DATE=2022-11-22T16:59:51.238724+00:00
AIRFLOW_CTX_TRY_NUMBER=2
AIRFLOW_CTX_DAG_RUN_ID=manual__2022-11-22T16:59:51.238724+00:00
[2022-11-22T17:04:54.332+0000] {python.py:177} INFO - Done. Returned value was: None
[2022-11-22T17:04:54.342+0000] {taskinstance.py:1406} INFO - Marking task as SUCCESS. dag_id=my_first_dag, task_id=weblog, execution_date=20221122T165951, start_date=20221122T170454, end_date=20221122T170454
[2022-11-22T17:04:54.390+0000] {local_task_job.py:159} INFO - Task exited with return code 0
[2022-11-22T17:04:54.404+0000] {taskinstance.py:2623} INFO - 1 downstream tasks scheduled from follow-on schedule check
