[2022-11-22T17:27:26.753+0000] {taskinstance.py:1165} INFO - Dependencies all met for <TaskInstance: my_first_dag.s3_upload_log_file manual__2022-11-22T17:27:24.413165+00:00 [queued]>
[2022-11-22T17:27:26.763+0000] {taskinstance.py:1165} INFO - Dependencies all met for <TaskInstance: my_first_dag.s3_upload_log_file manual__2022-11-22T17:27:24.413165+00:00 [queued]>
[2022-11-22T17:27:26.765+0000] {taskinstance.py:1362} INFO - 
--------------------------------------------------------------------------------
[2022-11-22T17:27:26.767+0000] {taskinstance.py:1363} INFO - Starting attempt 1 of 3
[2022-11-22T17:27:26.769+0000] {taskinstance.py:1364} INFO - 
--------------------------------------------------------------------------------
[2022-11-22T17:27:26.783+0000] {taskinstance.py:1383} INFO - Executing <Task(PythonOperator): s3_upload_log_file> on 2022-11-22 17:27:24.413165+00:00
[2022-11-22T17:27:26.790+0000] {standard_task_runner.py:55} INFO - Started process 1336 to run task
[2022-11-22T17:27:26.797+0000] {standard_task_runner.py:82} INFO - Running: ['***', 'tasks', 'run', 'my_first_dag', 's3_upload_log_file', 'manual__2022-11-22T17:27:24.413165+00:00', '--job-id', '39', '--raw', '--subdir', 'DAGS_FOLDER/my_first_dag.py', '--cfg-path', '/tmp/tmpzza8cbjx']
[2022-11-22T17:27:26.800+0000] {standard_task_runner.py:83} INFO - Job 39: Subtask s3_upload_log_file
[2022-11-22T17:27:26.880+0000] {task_command.py:376} INFO - Running <TaskInstance: my_first_dag.s3_upload_log_file manual__2022-11-22T17:27:24.413165+00:00 [running]> on host 663c7a325818
[2022-11-22T17:27:26.967+0000] {taskinstance.py:1592} INFO - Exporting the following env vars:
AIRFLOW_CTX_DAG_OWNER=***
AIRFLOW_CTX_DAG_ID=my_first_dag
AIRFLOW_CTX_TASK_ID=s3_upload_log_file
AIRFLOW_CTX_EXECUTION_DATE=2022-11-22T17:27:24.413165+00:00
AIRFLOW_CTX_TRY_NUMBER=1
AIRFLOW_CTX_DAG_RUN_ID=manual__2022-11-22T17:27:24.413165+00:00
[2022-11-22T17:27:27.001+0000] {credentials.py:1180} INFO - Found credentials in environment variables.
[2022-11-22T17:27:29.199+0000] {python.py:177} INFO - Done. Returned value was: True
[2022-11-22T17:27:29.222+0000] {taskinstance.py:1406} INFO - Marking task as SUCCESS. dag_id=my_first_dag, task_id=s3_upload_log_file, execution_date=20221122T172724, start_date=20221122T172726, end_date=20221122T172729
[2022-11-22T17:27:29.279+0000] {local_task_job.py:159} INFO - Task exited with return code 0
[2022-11-22T17:27:29.298+0000] {taskinstance.py:2623} INFO - 0 downstream tasks scheduled from follow-on schedule check
