[2022-11-27T00:00:03.470+0000] {taskinstance.py:1165} INFO - Dependencies all met for <TaskInstance: data_ingestion_s3_dag.format_to_parquet_task scheduled__2022-11-26T00:00:00+00:00 [queued]>
[2022-11-27T00:00:03.476+0000] {taskinstance.py:1165} INFO - Dependencies all met for <TaskInstance: data_ingestion_s3_dag.format_to_parquet_task scheduled__2022-11-26T00:00:00+00:00 [queued]>
[2022-11-27T00:00:03.476+0000] {taskinstance.py:1362} INFO - 
--------------------------------------------------------------------------------
[2022-11-27T00:00:03.478+0000] {taskinstance.py:1363} INFO - Starting attempt 1 of 2
[2022-11-27T00:00:03.478+0000] {taskinstance.py:1364} INFO - 
--------------------------------------------------------------------------------
[2022-11-27T00:00:03.486+0000] {taskinstance.py:1383} INFO - Executing <Task(PythonOperator): format_to_parquet_task> on 2022-11-26 00:00:00+00:00
[2022-11-27T00:00:03.495+0000] {standard_task_runner.py:55} INFO - Started process 40910 to run task
[2022-11-27T00:00:03.498+0000] {standard_task_runner.py:82} INFO - Running: ['***', 'tasks', 'run', 'data_ingestion_s3_dag', 'format_to_parquet_task', 'scheduled__2022-11-26T00:00:00+00:00', '--job-id', '125', '--raw', '--subdir', 'DAGS_FOLDER/data_ingestion_s3_dag.py', '--cfg-path', '/tmp/tmp5bd2aijx']
[2022-11-27T00:00:03.500+0000] {standard_task_runner.py:83} INFO - Job 125: Subtask format_to_parquet_task
[2022-11-27T00:00:03.538+0000] {task_command.py:376} INFO - Running <TaskInstance: data_ingestion_s3_dag.format_to_parquet_task scheduled__2022-11-26T00:00:00+00:00 [running]> on host 7d1b5368210b
[2022-11-27T00:00:03.578+0000] {taskinstance.py:1592} INFO - Exporting the following env vars:
AIRFLOW_CTX_DAG_OWNER=***
AIRFLOW_CTX_DAG_ID=data_ingestion_s3_dag
AIRFLOW_CTX_TASK_ID=format_to_parquet_task
AIRFLOW_CTX_EXECUTION_DATE=2022-11-26T00:00:00+00:00
AIRFLOW_CTX_TRY_NUMBER=1
AIRFLOW_CTX_DAG_RUN_ID=scheduled__2022-11-26T00:00:00+00:00
[2022-11-27T00:00:03.735+0000] {python.py:177} INFO - Done. Returned value was: None
[2022-11-27T00:00:03.745+0000] {taskinstance.py:1406} INFO - Marking task as SUCCESS. dag_id=data_ingestion_s3_dag, task_id=format_to_parquet_task, execution_date=20221126T000000, start_date=20221127T000003, end_date=20221127T000003
[2022-11-27T00:00:03.800+0000] {local_task_job.py:159} INFO - Task exited with return code 0
[2022-11-27T00:00:03.814+0000] {taskinstance.py:2623} INFO - 1 downstream tasks scheduled from follow-on schedule check
