[2022-11-26T10:11:56.806+0000] {taskinstance.py:1165} INFO - Dependencies all met for <TaskInstance: data_ingestion_s3_dag.download_dataset_task manual__2022-11-26T10:11:55.781491+00:00 [queued]>
[2022-11-26T10:11:56.813+0000] {taskinstance.py:1165} INFO - Dependencies all met for <TaskInstance: data_ingestion_s3_dag.download_dataset_task manual__2022-11-26T10:11:55.781491+00:00 [queued]>
[2022-11-26T10:11:56.814+0000] {taskinstance.py:1362} INFO - 
--------------------------------------------------------------------------------
[2022-11-26T10:11:56.814+0000] {taskinstance.py:1363} INFO - Starting attempt 1 of 2
[2022-11-26T10:11:56.815+0000] {taskinstance.py:1364} INFO - 
--------------------------------------------------------------------------------
[2022-11-26T10:11:56.822+0000] {taskinstance.py:1383} INFO - Executing <Task(BashOperator): download_dataset_task> on 2022-11-26 10:11:55.781491+00:00
[2022-11-26T10:11:56.828+0000] {standard_task_runner.py:55} INFO - Started process 2729 to run task
[2022-11-26T10:11:56.831+0000] {standard_task_runner.py:82} INFO - Running: ['***', 'tasks', 'run', 'data_ingestion_s3_dag', 'download_dataset_task', 'manual__2022-11-26T10:11:55.781491+00:00', '--job-id', '115', '--raw', '--subdir', 'DAGS_FOLDER/data_ingestion_s3_dag.py', '--cfg-path', '/tmp/tmprhokm6_z']
[2022-11-26T10:11:56.833+0000] {standard_task_runner.py:83} INFO - Job 115: Subtask download_dataset_task
[2022-11-26T10:11:56.873+0000] {task_command.py:376} INFO - Running <TaskInstance: data_ingestion_s3_dag.download_dataset_task manual__2022-11-26T10:11:55.781491+00:00 [running]> on host 7d1b5368210b
[2022-11-26T10:11:56.913+0000] {taskinstance.py:1592} INFO - Exporting the following env vars:
AIRFLOW_CTX_DAG_OWNER=***
AIRFLOW_CTX_DAG_ID=data_ingestion_s3_dag
AIRFLOW_CTX_TASK_ID=download_dataset_task
AIRFLOW_CTX_EXECUTION_DATE=2022-11-26T10:11:55.781491+00:00
AIRFLOW_CTX_TRY_NUMBER=1
AIRFLOW_CTX_DAG_RUN_ID=manual__2022-11-26T10:11:55.781491+00:00
[2022-11-26T10:11:56.915+0000] {subprocess.py:63} INFO - Tmp dir root location: 
 /tmp
[2022-11-26T10:11:56.916+0000] {subprocess.py:75} INFO - Running command: ['/bin/bash', '-c', 'curl -sSL https://s3.amazonaws.com/nyc-tlc/trip+data/yellow_tripdata_2021-01.csv > /opt/***/yellow_tripdata_2021-01.csv']
[2022-11-26T10:11:56.932+0000] {subprocess.py:86} INFO - Output:
[2022-11-26T10:11:58.623+0000] {subprocess.py:97} INFO - Command exited with return code 0
[2022-11-26T10:11:58.669+0000] {taskinstance.py:1406} INFO - Marking task as SUCCESS. dag_id=data_ingestion_s3_dag, task_id=download_dataset_task, execution_date=20221126T101155, start_date=20221126T101156, end_date=20221126T101158
[2022-11-26T10:11:58.722+0000] {local_task_job.py:159} INFO - Task exited with return code 0
[2022-11-26T10:11:58.743+0000] {taskinstance.py:2623} INFO - 1 downstream tasks scheduled from follow-on schedule check
