[2022-11-22T17:03:25.845+0000] {taskinstance.py:1165} INFO - Dependencies all met for <TaskInstance: my_first_dag.weblog manual__2022-11-22T17:03:24.478938+00:00 [queued]>
[2022-11-22T17:03:25.854+0000] {taskinstance.py:1165} INFO - Dependencies all met for <TaskInstance: my_first_dag.weblog manual__2022-11-22T17:03:24.478938+00:00 [queued]>
[2022-11-22T17:03:25.855+0000] {taskinstance.py:1362} INFO - 
--------------------------------------------------------------------------------
[2022-11-22T17:03:25.856+0000] {taskinstance.py:1363} INFO - Starting attempt 1 of 3
[2022-11-22T17:03:25.857+0000] {taskinstance.py:1364} INFO - 
--------------------------------------------------------------------------------
[2022-11-22T17:03:25.865+0000] {taskinstance.py:1383} INFO - Executing <Task(PythonOperator): weblog> on 2022-11-22 17:03:24.478938+00:00
[2022-11-22T17:03:25.870+0000] {standard_task_runner.py:55} INFO - Started process 107 to run task
[2022-11-22T17:03:25.873+0000] {standard_task_runner.py:82} INFO - Running: ['***', 'tasks', 'run', 'my_first_dag', 'weblog', 'manual__2022-11-22T17:03:24.478938+00:00', '--job-id', '34', '--raw', '--subdir', 'DAGS_FOLDER/my_first_dag.py', '--cfg-path', '/tmp/tmpd4wxh94d']
[2022-11-22T17:03:25.874+0000] {standard_task_runner.py:83} INFO - Job 34: Subtask weblog
[2022-11-22T17:03:25.933+0000] {task_command.py:376} INFO - Running <TaskInstance: my_first_dag.weblog manual__2022-11-22T17:03:24.478938+00:00 [running]> on host 663c7a325818
[2022-11-22T17:03:25.994+0000] {taskinstance.py:1592} INFO - Exporting the following env vars:
AIRFLOW_CTX_DAG_OWNER=***
AIRFLOW_CTX_DAG_ID=my_first_dag
AIRFLOW_CTX_TASK_ID=weblog
AIRFLOW_CTX_EXECUTION_DATE=2022-11-22T17:03:24.478938+00:00
AIRFLOW_CTX_TRY_NUMBER=1
AIRFLOW_CTX_DAG_RUN_ID=manual__2022-11-22T17:03:24.478938+00:00
[2022-11-22T17:03:26.041+0000] {python.py:177} INFO - Done. Returned value was: None
[2022-11-22T17:03:26.049+0000] {taskinstance.py:1406} INFO - Marking task as SUCCESS. dag_id=my_first_dag, task_id=weblog, execution_date=20221122T170324, start_date=20221122T170325, end_date=20221122T170326
[2022-11-22T17:03:26.089+0000] {local_task_job.py:159} INFO - Task exited with return code 0
[2022-11-22T17:03:26.103+0000] {taskinstance.py:2623} INFO - 1 downstream tasks scheduled from follow-on schedule check
