[2022-11-26T09:47:38.443+0000] {taskinstance.py:1165} INFO - Dependencies all met for <TaskInstance: data_ingestion_s3_dag.format_to_parquet_task manual__2022-11-26T09:47:34.066447+00:00 [queued]>
[2022-11-26T09:47:38.449+0000] {taskinstance.py:1165} INFO - Dependencies all met for <TaskInstance: data_ingestion_s3_dag.format_to_parquet_task manual__2022-11-26T09:47:34.066447+00:00 [queued]>
[2022-11-26T09:47:38.450+0000] {taskinstance.py:1362} INFO - 
--------------------------------------------------------------------------------
[2022-11-26T09:47:38.451+0000] {taskinstance.py:1363} INFO - Starting attempt 1 of 2
[2022-11-26T09:47:38.452+0000] {taskinstance.py:1364} INFO - 
--------------------------------------------------------------------------------
[2022-11-26T09:47:38.459+0000] {taskinstance.py:1383} INFO - Executing <Task(PythonOperator): format_to_parquet_task> on 2022-11-26 09:47:34.066447+00:00
[2022-11-26T09:47:38.463+0000] {standard_task_runner.py:55} INFO - Started process 1447 to run task
[2022-11-26T09:47:38.466+0000] {standard_task_runner.py:82} INFO - Running: ['***', 'tasks', 'run', 'data_ingestion_s3_dag', 'format_to_parquet_task', 'manual__2022-11-26T09:47:34.066447+00:00', '--job-id', '103', '--raw', '--subdir', 'DAGS_FOLDER/data_ingestion_s3_dag.py', '--cfg-path', '/tmp/tmpvvrkckpg']
[2022-11-26T09:47:38.468+0000] {standard_task_runner.py:83} INFO - Job 103: Subtask format_to_parquet_task
[2022-11-26T09:47:38.506+0000] {task_command.py:376} INFO - Running <TaskInstance: data_ingestion_s3_dag.format_to_parquet_task manual__2022-11-26T09:47:34.066447+00:00 [running]> on host 7d1b5368210b
[2022-11-26T09:47:38.545+0000] {taskinstance.py:1592} INFO - Exporting the following env vars:
AIRFLOW_CTX_DAG_OWNER=***
AIRFLOW_CTX_DAG_ID=data_ingestion_s3_dag
AIRFLOW_CTX_TASK_ID=format_to_parquet_task
AIRFLOW_CTX_EXECUTION_DATE=2022-11-26T09:47:34.066447+00:00
AIRFLOW_CTX_TRY_NUMBER=1
AIRFLOW_CTX_DAG_RUN_ID=manual__2022-11-26T09:47:34.066447+00:00
[2022-11-26T09:47:38.696+0000] {python.py:177} INFO - Done. Returned value was: None
[2022-11-26T09:47:38.703+0000] {taskinstance.py:1406} INFO - Marking task as SUCCESS. dag_id=data_ingestion_s3_dag, task_id=format_to_parquet_task, execution_date=20221126T094734, start_date=20221126T094738, end_date=20221126T094738
[2022-11-26T09:47:38.719+0000] {local_task_job.py:159} INFO - Task exited with return code 0
[2022-11-26T09:47:38.733+0000] {taskinstance.py:2623} INFO - 1 downstream tasks scheduled from follow-on schedule check
