[2022-11-26T09:47:34.785+0000] {taskinstance.py:1165} INFO - Dependencies all met for <TaskInstance: data_ingestion_s3_dag.download_dataset_task manual__2022-11-26T09:47:34.066447+00:00 [queued]>
[2022-11-26T09:47:34.792+0000] {taskinstance.py:1165} INFO - Dependencies all met for <TaskInstance: data_ingestion_s3_dag.download_dataset_task manual__2022-11-26T09:47:34.066447+00:00 [queued]>
[2022-11-26T09:47:34.793+0000] {taskinstance.py:1362} INFO - 
--------------------------------------------------------------------------------
[2022-11-26T09:47:34.794+0000] {taskinstance.py:1363} INFO - Starting attempt 1 of 2
[2022-11-26T09:47:34.795+0000] {taskinstance.py:1364} INFO - 
--------------------------------------------------------------------------------
[2022-11-26T09:47:34.805+0000] {taskinstance.py:1383} INFO - Executing <Task(BashOperator): download_dataset_task> on 2022-11-26 09:47:34.066447+00:00
[2022-11-26T09:47:34.810+0000] {standard_task_runner.py:55} INFO - Started process 1432 to run task
[2022-11-26T09:47:34.817+0000] {standard_task_runner.py:82} INFO - Running: ['***', 'tasks', 'run', 'data_ingestion_s3_dag', 'download_dataset_task', 'manual__2022-11-26T09:47:34.066447+00:00', '--job-id', '102', '--raw', '--subdir', 'DAGS_FOLDER/data_ingestion_s3_dag.py', '--cfg-path', '/tmp/tmp0dwevolw']
[2022-11-26T09:47:34.820+0000] {standard_task_runner.py:83} INFO - Job 102: Subtask download_dataset_task
[2022-11-26T09:47:34.890+0000] {task_command.py:376} INFO - Running <TaskInstance: data_ingestion_s3_dag.download_dataset_task manual__2022-11-26T09:47:34.066447+00:00 [running]> on host 7d1b5368210b
[2022-11-26T09:47:34.960+0000] {taskinstance.py:1592} INFO - Exporting the following env vars:
AIRFLOW_CTX_DAG_OWNER=***
AIRFLOW_CTX_DAG_ID=data_ingestion_s3_dag
AIRFLOW_CTX_TASK_ID=download_dataset_task
AIRFLOW_CTX_EXECUTION_DATE=2022-11-26T09:47:34.066447+00:00
AIRFLOW_CTX_TRY_NUMBER=1
AIRFLOW_CTX_DAG_RUN_ID=manual__2022-11-26T09:47:34.066447+00:00
[2022-11-26T09:47:34.964+0000] {subprocess.py:63} INFO - Tmp dir root location: 
 /tmp
[2022-11-26T09:47:34.967+0000] {subprocess.py:75} INFO - Running command: ['/bin/bash', '-c', 'curl -sSL https://s3.amazonaws.com/nyc-tlc/trip+data/yellow_tripdata_2021-01.csv > /opt/***/yellow_tripdata_2021-01.csv']
[2022-11-26T09:47:34.984+0000] {subprocess.py:86} INFO - Output:
[2022-11-26T09:47:37.840+0000] {subprocess.py:97} INFO - Command exited with return code 0
[2022-11-26T09:47:37.887+0000] {taskinstance.py:1406} INFO - Marking task as SUCCESS. dag_id=data_ingestion_s3_dag, task_id=download_dataset_task, execution_date=20221126T094734, start_date=20221126T094734, end_date=20221126T094737
[2022-11-26T09:47:37.928+0000] {local_task_job.py:159} INFO - Task exited with return code 0
[2022-11-26T09:47:37.948+0000] {taskinstance.py:2623} INFO - 1 downstream tasks scheduled from follow-on schedule check
