[2022-11-22T18:38:02.087+0000] {taskinstance.py:1165} INFO - Dependencies all met for <TaskInstance: my_first_dag.weblog manual__2022-11-22T18:38:00.835152+00:00 [queued]>
[2022-11-22T18:38:02.094+0000] {taskinstance.py:1165} INFO - Dependencies all met for <TaskInstance: my_first_dag.weblog manual__2022-11-22T18:38:00.835152+00:00 [queued]>
[2022-11-22T18:38:02.096+0000] {taskinstance.py:1362} INFO - 
--------------------------------------------------------------------------------
[2022-11-22T18:38:02.096+0000] {taskinstance.py:1363} INFO - Starting attempt 1 of 3
[2022-11-22T18:38:02.097+0000] {taskinstance.py:1364} INFO - 
--------------------------------------------------------------------------------
[2022-11-22T18:38:02.106+0000] {taskinstance.py:1383} INFO - Executing <Task(PythonOperator): weblog> on 2022-11-22 18:38:00.835152+00:00
[2022-11-22T18:38:02.112+0000] {standard_task_runner.py:55} INFO - Started process 79 to run task
[2022-11-22T18:38:02.115+0000] {standard_task_runner.py:82} INFO - Running: ['***', 'tasks', 'run', 'my_first_dag', 'weblog', 'manual__2022-11-22T18:38:00.835152+00:00', '--job-id', '46', '--raw', '--subdir', 'DAGS_FOLDER/my_first_dag.py', '--cfg-path', '/tmp/tmpqfi79s0c']
[2022-11-22T18:38:02.116+0000] {standard_task_runner.py:83} INFO - Job 46: Subtask weblog
[2022-11-22T18:38:02.160+0000] {task_command.py:376} INFO - Running <TaskInstance: my_first_dag.weblog manual__2022-11-22T18:38:00.835152+00:00 [running]> on host 8436d7eae7fb
[2022-11-22T18:38:02.212+0000] {taskinstance.py:1592} INFO - Exporting the following env vars:
AIRFLOW_CTX_DAG_OWNER=***
AIRFLOW_CTX_DAG_ID=my_first_dag
AIRFLOW_CTX_TASK_ID=weblog
AIRFLOW_CTX_EXECUTION_DATE=2022-11-22T18:38:00.835152+00:00
AIRFLOW_CTX_TRY_NUMBER=1
AIRFLOW_CTX_DAG_RUN_ID=manual__2022-11-22T18:38:00.835152+00:00
[2022-11-22T18:38:02.283+0000] {python.py:177} INFO - Done. Returned value was: None
[2022-11-22T18:38:02.296+0000] {taskinstance.py:1406} INFO - Marking task as SUCCESS. dag_id=my_first_dag, task_id=weblog, execution_date=20221122T183800, start_date=20221122T183802, end_date=20221122T183802
[2022-11-22T18:38:02.333+0000] {local_task_job.py:159} INFO - Task exited with return code 0
[2022-11-22T18:38:02.356+0000] {taskinstance.py:2623} INFO - 1 downstream tasks scheduled from follow-on schedule check
