[2022-11-22T17:01:28.043+0000] {taskinstance.py:1165} INFO - Dependencies all met for <TaskInstance: my_first_dag.weblog manual__2022-11-22T16:56:25.524190+00:00 [queued]>
[2022-11-22T17:01:28.052+0000] {taskinstance.py:1165} INFO - Dependencies all met for <TaskInstance: my_first_dag.weblog manual__2022-11-22T16:56:25.524190+00:00 [queued]>
[2022-11-22T17:01:28.053+0000] {taskinstance.py:1362} INFO - 
--------------------------------------------------------------------------------
[2022-11-22T17:01:28.054+0000] {taskinstance.py:1363} INFO - Starting attempt 2 of 3
[2022-11-22T17:01:28.056+0000] {taskinstance.py:1364} INFO - 
--------------------------------------------------------------------------------
[2022-11-22T17:01:28.066+0000] {taskinstance.py:1383} INFO - Executing <Task(PythonOperator): weblog> on 2022-11-22 16:56:25.524190+00:00
[2022-11-22T17:01:28.073+0000] {standard_task_runner.py:55} INFO - Started process 164 to run task
[2022-11-22T17:01:28.077+0000] {standard_task_runner.py:82} INFO - Running: ['***', 'tasks', 'run', 'my_first_dag', 'weblog', 'manual__2022-11-22T16:56:25.524190+00:00', '--job-id', '30', '--raw', '--subdir', 'DAGS_FOLDER/my_first_dag.py', '--cfg-path', '/tmp/tmpw8nd_8p7']
[2022-11-22T17:01:28.079+0000] {standard_task_runner.py:83} INFO - Job 30: Subtask weblog
[2022-11-22T17:01:28.127+0000] {task_command.py:376} INFO - Running <TaskInstance: my_first_dag.weblog manual__2022-11-22T16:56:25.524190+00:00 [running]> on host 82917d343c14
[2022-11-22T17:01:28.167+0000] {taskinstance.py:1592} INFO - Exporting the following env vars:
AIRFLOW_CTX_DAG_OWNER=***
AIRFLOW_CTX_DAG_ID=my_first_dag
AIRFLOW_CTX_TASK_ID=weblog
AIRFLOW_CTX_EXECUTION_DATE=2022-11-22T16:56:25.524190+00:00
AIRFLOW_CTX_TRY_NUMBER=2
AIRFLOW_CTX_DAG_RUN_ID=manual__2022-11-22T16:56:25.524190+00:00
[2022-11-22T17:01:28.217+0000] {python.py:177} INFO - Done. Returned value was: None
[2022-11-22T17:01:28.227+0000] {taskinstance.py:1406} INFO - Marking task as SUCCESS. dag_id=my_first_dag, task_id=weblog, execution_date=20221122T165625, start_date=20221122T170128, end_date=20221122T170128
[2022-11-22T17:01:28.250+0000] {local_task_job.py:159} INFO - Task exited with return code 0
[2022-11-22T17:01:28.264+0000] {taskinstance.py:2623} INFO - 1 downstream tasks scheduled from follow-on schedule check
