[2022-11-22T17:01:29.089+0000] {taskinstance.py:1165} INFO - Dependencies all met for <TaskInstance: my_first_dag.s3_upload_log_file manual__2022-11-22T16:56:25.524190+00:00 [queued]>
[2022-11-22T17:01:29.095+0000] {taskinstance.py:1165} INFO - Dependencies all met for <TaskInstance: my_first_dag.s3_upload_log_file manual__2022-11-22T16:56:25.524190+00:00 [queued]>
[2022-11-22T17:01:29.096+0000] {taskinstance.py:1362} INFO - 
--------------------------------------------------------------------------------
[2022-11-22T17:01:29.097+0000] {taskinstance.py:1363} INFO - Starting attempt 1 of 3
[2022-11-22T17:01:29.097+0000] {taskinstance.py:1364} INFO - 
--------------------------------------------------------------------------------
[2022-11-22T17:01:29.104+0000] {taskinstance.py:1383} INFO - Executing <Task(PythonOperator): s3_upload_log_file> on 2022-11-22 16:56:25.524190+00:00
[2022-11-22T17:01:29.108+0000] {standard_task_runner.py:55} INFO - Started process 166 to run task
[2022-11-22T17:01:29.111+0000] {standard_task_runner.py:82} INFO - Running: ['***', 'tasks', 'run', 'my_first_dag', 's3_upload_log_file', 'manual__2022-11-22T16:56:25.524190+00:00', '--job-id', '31', '--raw', '--subdir', 'DAGS_FOLDER/my_first_dag.py', '--cfg-path', '/tmp/tmpok1d0s0_']
[2022-11-22T17:01:29.112+0000] {standard_task_runner.py:83} INFO - Job 31: Subtask s3_upload_log_file
[2022-11-22T17:01:29.149+0000] {task_command.py:376} INFO - Running <TaskInstance: my_first_dag.s3_upload_log_file manual__2022-11-22T16:56:25.524190+00:00 [running]> on host 82917d343c14
[2022-11-22T17:01:29.187+0000] {taskinstance.py:1592} INFO - Exporting the following env vars:
AIRFLOW_CTX_DAG_OWNER=***
AIRFLOW_CTX_DAG_ID=my_first_dag
AIRFLOW_CTX_TASK_ID=s3_upload_log_file
AIRFLOW_CTX_EXECUTION_DATE=2022-11-22T16:56:25.524190+00:00
AIRFLOW_CTX_TRY_NUMBER=1
AIRFLOW_CTX_DAG_RUN_ID=manual__2022-11-22T16:56:25.524190+00:00
[2022-11-22T17:01:29.209+0000] {credentials.py:1180} INFO - Found credentials in environment variables.
[2022-11-22T17:01:31.487+0000] {python.py:177} INFO - Done. Returned value was: True
[2022-11-22T17:01:31.536+0000] {taskinstance.py:1406} INFO - Marking task as SUCCESS. dag_id=my_first_dag, task_id=s3_upload_log_file, execution_date=20221122T165625, start_date=20221122T170129, end_date=20221122T170131
[2022-11-22T17:01:31.607+0000] {local_task_job.py:159} INFO - Task exited with return code 0
[2022-11-22T17:01:31.643+0000] {taskinstance.py:2623} INFO - 0 downstream tasks scheduled from follow-on schedule check
