[2022-11-26T09:23:57.711+0000] {taskinstance.py:1165} INFO - Dependencies all met for <TaskInstance: data_ingestion_s3_dag.download_dataset_task scheduled__2022-11-25T00:00:00+00:00 [queued]>
[2022-11-26T09:23:57.718+0000] {taskinstance.py:1165} INFO - Dependencies all met for <TaskInstance: data_ingestion_s3_dag.download_dataset_task scheduled__2022-11-25T00:00:00+00:00 [queued]>
[2022-11-26T09:23:57.719+0000] {taskinstance.py:1362} INFO - 
--------------------------------------------------------------------------------
[2022-11-26T09:23:57.720+0000] {taskinstance.py:1363} INFO - Starting attempt 1 of 2
[2022-11-26T09:23:57.721+0000] {taskinstance.py:1364} INFO - 
--------------------------------------------------------------------------------
[2022-11-26T09:23:57.729+0000] {taskinstance.py:1383} INFO - Executing <Task(BashOperator): download_dataset_task> on 2022-11-25 00:00:00+00:00
[2022-11-26T09:23:57.733+0000] {standard_task_runner.py:55} INFO - Started process 189 to run task
[2022-11-26T09:23:57.736+0000] {standard_task_runner.py:82} INFO - Running: ['***', 'tasks', 'run', 'data_ingestion_s3_dag', 'download_dataset_task', 'scheduled__2022-11-25T00:00:00+00:00', '--job-id', '91', '--raw', '--subdir', 'DAGS_FOLDER/data_ingestion_s3_dag.py', '--cfg-path', '/tmp/tmp803go42o']
[2022-11-26T09:23:57.738+0000] {standard_task_runner.py:83} INFO - Job 91: Subtask download_dataset_task
[2022-11-26T09:23:57.777+0000] {task_command.py:376} INFO - Running <TaskInstance: data_ingestion_s3_dag.download_dataset_task scheduled__2022-11-25T00:00:00+00:00 [running]> on host 7d1b5368210b
[2022-11-26T09:23:57.816+0000] {taskinstance.py:1592} INFO - Exporting the following env vars:
AIRFLOW_CTX_DAG_OWNER=***
AIRFLOW_CTX_DAG_ID=data_ingestion_s3_dag
AIRFLOW_CTX_TASK_ID=download_dataset_task
AIRFLOW_CTX_EXECUTION_DATE=2022-11-25T00:00:00+00:00
AIRFLOW_CTX_TRY_NUMBER=1
AIRFLOW_CTX_DAG_RUN_ID=scheduled__2022-11-25T00:00:00+00:00
[2022-11-26T09:23:57.818+0000] {subprocess.py:63} INFO - Tmp dir root location: 
 /tmp
[2022-11-26T09:23:57.820+0000] {subprocess.py:75} INFO - Running command: ['/bin/bash', '-c', 'curl -sSL https://s3.amazonaws.com/nyc-tlc/trip+data/yellow_tripdata_2021-01.csv > /opt/***/yellow_tripdata_2021-01.csv']
[2022-11-26T09:23:57.830+0000] {subprocess.py:86} INFO - Output:
[2022-11-26T09:23:59.010+0000] {subprocess.py:97} INFO - Command exited with return code 0
[2022-11-26T09:23:59.055+0000] {taskinstance.py:1406} INFO - Marking task as SUCCESS. dag_id=data_ingestion_s3_dag, task_id=download_dataset_task, execution_date=20221125T000000, start_date=20221126T092357, end_date=20221126T092359
[2022-11-26T09:23:59.089+0000] {local_task_job.py:159} INFO - Task exited with return code 0
[2022-11-26T09:23:59.108+0000] {taskinstance.py:2623} INFO - 1 downstream tasks scheduled from follow-on schedule check
