[2022-11-26T09:52:51.585+0000] {taskinstance.py:1165} INFO - Dependencies all met for <TaskInstance: data_ingestion_s3_dag.format_to_parquet_task manual__2022-11-26T09:51:10.752126+00:00 [queued]>
[2022-11-26T09:52:51.591+0000] {taskinstance.py:1165} INFO - Dependencies all met for <TaskInstance: data_ingestion_s3_dag.format_to_parquet_task manual__2022-11-26T09:51:10.752126+00:00 [queued]>
[2022-11-26T09:52:51.592+0000] {taskinstance.py:1362} INFO - 
--------------------------------------------------------------------------------
[2022-11-26T09:52:51.593+0000] {taskinstance.py:1363} INFO - Starting attempt 1 of 2
[2022-11-26T09:52:51.594+0000] {taskinstance.py:1364} INFO - 
--------------------------------------------------------------------------------
[2022-11-26T09:52:51.601+0000] {taskinstance.py:1383} INFO - Executing <Task(PythonOperator): format_to_parquet_task> on 2022-11-26 09:51:10.752126+00:00
[2022-11-26T09:52:51.606+0000] {standard_task_runner.py:55} INFO - Started process 1722 to run task
[2022-11-26T09:52:51.609+0000] {standard_task_runner.py:82} INFO - Running: ['***', 'tasks', 'run', 'data_ingestion_s3_dag', 'format_to_parquet_task', 'manual__2022-11-26T09:51:10.752126+00:00', '--job-id', '107', '--raw', '--subdir', 'DAGS_FOLDER/data_ingestion_s3_dag.py', '--cfg-path', '/tmp/tmp3unqkzim']
[2022-11-26T09:52:51.611+0000] {standard_task_runner.py:83} INFO - Job 107: Subtask format_to_parquet_task
[2022-11-26T09:52:51.652+0000] {task_command.py:376} INFO - Running <TaskInstance: data_ingestion_s3_dag.format_to_parquet_task manual__2022-11-26T09:51:10.752126+00:00 [running]> on host 7d1b5368210b
[2022-11-26T09:52:51.691+0000] {taskinstance.py:1592} INFO - Exporting the following env vars:
AIRFLOW_CTX_DAG_OWNER=***
AIRFLOW_CTX_DAG_ID=data_ingestion_s3_dag
AIRFLOW_CTX_TASK_ID=format_to_parquet_task
AIRFLOW_CTX_EXECUTION_DATE=2022-11-26T09:51:10.752126+00:00
AIRFLOW_CTX_TRY_NUMBER=1
AIRFLOW_CTX_DAG_RUN_ID=manual__2022-11-26T09:51:10.752126+00:00
[2022-11-26T09:52:51.839+0000] {python.py:177} INFO - Done. Returned value was: None
[2022-11-26T09:52:51.848+0000] {taskinstance.py:1406} INFO - Marking task as SUCCESS. dag_id=data_ingestion_s3_dag, task_id=format_to_parquet_task, execution_date=20221126T095110, start_date=20221126T095251, end_date=20221126T095251
[2022-11-26T09:52:51.868+0000] {local_task_job.py:159} INFO - Task exited with return code 0
[2022-11-26T09:52:51.886+0000] {taskinstance.py:2623} INFO - 1 downstream tasks scheduled from follow-on schedule check
