[2022-11-25T20:29:39.047+0000] {taskinstance.py:1165} INFO - Dependencies all met for <TaskInstance: my_first_dag.weblog manual__2022-11-25T20:29:38.243486+00:00 [queued]>
[2022-11-25T20:29:39.053+0000] {taskinstance.py:1165} INFO - Dependencies all met for <TaskInstance: my_first_dag.weblog manual__2022-11-25T20:29:38.243486+00:00 [queued]>
[2022-11-25T20:29:39.054+0000] {taskinstance.py:1362} INFO - 
--------------------------------------------------------------------------------
[2022-11-25T20:29:39.054+0000] {taskinstance.py:1363} INFO - Starting attempt 1 of 3
[2022-11-25T20:29:39.055+0000] {taskinstance.py:1364} INFO - 
--------------------------------------------------------------------------------
[2022-11-25T20:29:39.062+0000] {taskinstance.py:1383} INFO - Executing <Task(PythonOperator): weblog> on 2022-11-25 20:29:38.243486+00:00
[2022-11-25T20:29:39.066+0000] {standard_task_runner.py:55} INFO - Started process 92 to run task
[2022-11-25T20:29:39.068+0000] {standard_task_runner.py:82} INFO - Running: ['***', 'tasks', 'run', 'my_first_dag', 'weblog', 'manual__2022-11-25T20:29:38.243486+00:00', '--job-id', '84', '--raw', '--subdir', 'DAGS_FOLDER/my_first_dag.py', '--cfg-path', '/tmp/tmpq9uarnn_']
[2022-11-25T20:29:39.069+0000] {standard_task_runner.py:83} INFO - Job 84: Subtask weblog
[2022-11-25T20:29:39.107+0000] {task_command.py:376} INFO - Running <TaskInstance: my_first_dag.weblog manual__2022-11-25T20:29:38.243486+00:00 [running]> on host 2d375264ca65
[2022-11-25T20:29:39.147+0000] {taskinstance.py:1592} INFO - Exporting the following env vars:
AIRFLOW_CTX_DAG_OWNER=***
AIRFLOW_CTX_DAG_ID=my_first_dag
AIRFLOW_CTX_TASK_ID=weblog
AIRFLOW_CTX_EXECUTION_DATE=2022-11-25T20:29:38.243486+00:00
AIRFLOW_CTX_TRY_NUMBER=1
AIRFLOW_CTX_DAG_RUN_ID=manual__2022-11-25T20:29:38.243486+00:00
[2022-11-25T20:29:39.195+0000] {python.py:177} INFO - Done. Returned value was: None
[2022-11-25T20:29:39.202+0000] {taskinstance.py:1406} INFO - Marking task as SUCCESS. dag_id=my_first_dag, task_id=weblog, execution_date=20221125T202938, start_date=20221125T202939, end_date=20221125T202939
[2022-11-25T20:29:39.241+0000] {local_task_job.py:159} INFO - Task exited with return code 0
[2022-11-25T20:29:39.255+0000] {taskinstance.py:2623} INFO - 1 downstream tasks scheduled from follow-on schedule check
