[2022-11-26T09:39:02.536+0000] {taskinstance.py:1165} INFO - Dependencies all met for <TaskInstance: data_ingestion_s3_dag.download_dataset_task manual__2022-11-26T09:39:01.241840+00:00 [queued]>
[2022-11-26T09:39:02.551+0000] {taskinstance.py:1165} INFO - Dependencies all met for <TaskInstance: data_ingestion_s3_dag.download_dataset_task manual__2022-11-26T09:39:01.241840+00:00 [queued]>
[2022-11-26T09:39:02.553+0000] {taskinstance.py:1362} INFO - 
--------------------------------------------------------------------------------
[2022-11-26T09:39:02.554+0000] {taskinstance.py:1363} INFO - Starting attempt 1 of 2
[2022-11-26T09:39:02.556+0000] {taskinstance.py:1364} INFO - 
--------------------------------------------------------------------------------
[2022-11-26T09:39:02.572+0000] {taskinstance.py:1383} INFO - Executing <Task(BashOperator): download_dataset_task> on 2022-11-26 09:39:01.241840+00:00
[2022-11-26T09:39:02.583+0000] {standard_task_runner.py:55} INFO - Started process 988 to run task
[2022-11-26T09:39:02.593+0000] {standard_task_runner.py:82} INFO - Running: ['***', 'tasks', 'run', 'data_ingestion_s3_dag', 'download_dataset_task', 'manual__2022-11-26T09:39:01.241840+00:00', '--job-id', '99', '--raw', '--subdir', 'DAGS_FOLDER/data_ingestion_s3_dag.py', '--cfg-path', '/tmp/tmpdciies4c']
[2022-11-26T09:39:02.599+0000] {standard_task_runner.py:83} INFO - Job 99: Subtask download_dataset_task
[2022-11-26T09:39:02.665+0000] {task_command.py:376} INFO - Running <TaskInstance: data_ingestion_s3_dag.download_dataset_task manual__2022-11-26T09:39:01.241840+00:00 [running]> on host 7d1b5368210b
[2022-11-26T09:39:02.726+0000] {taskinstance.py:1592} INFO - Exporting the following env vars:
AIRFLOW_CTX_DAG_OWNER=***
AIRFLOW_CTX_DAG_ID=data_ingestion_s3_dag
AIRFLOW_CTX_TASK_ID=download_dataset_task
AIRFLOW_CTX_EXECUTION_DATE=2022-11-26T09:39:01.241840+00:00
AIRFLOW_CTX_TRY_NUMBER=1
AIRFLOW_CTX_DAG_RUN_ID=manual__2022-11-26T09:39:01.241840+00:00
[2022-11-26T09:39:02.728+0000] {subprocess.py:63} INFO - Tmp dir root location: 
 /tmp
[2022-11-26T09:39:02.731+0000] {subprocess.py:75} INFO - Running command: ['/bin/bash', '-c', 'curl -sSL https://s3.amazonaws.com/nyc-tlc/trip+data/yellow_tripdata_2021-01.csv > /opt/***/yellow_tripdata_2021-01.csv']
[2022-11-26T09:39:02.750+0000] {subprocess.py:86} INFO - Output:
[2022-11-26T09:39:04.230+0000] {subprocess.py:97} INFO - Command exited with return code 0
[2022-11-26T09:39:04.262+0000] {taskinstance.py:1406} INFO - Marking task as SUCCESS. dag_id=data_ingestion_s3_dag, task_id=download_dataset_task, execution_date=20221126T093901, start_date=20221126T093902, end_date=20221126T093904
[2022-11-26T09:39:04.321+0000] {local_task_job.py:159} INFO - Task exited with return code 0
[2022-11-26T09:39:04.346+0000] {taskinstance.py:2623} INFO - 1 downstream tasks scheduled from follow-on schedule check
