[2022-11-26T09:24:34.109+0000] {taskinstance.py:1165} INFO - Dependencies all met for <TaskInstance: data_ingestion_s3_dag.download_dataset_task manual__2022-11-26T09:23:56.491966+00:00 [None]>
[2022-11-26T09:24:34.116+0000] {taskinstance.py:1165} INFO - Dependencies all met for <TaskInstance: data_ingestion_s3_dag.download_dataset_task manual__2022-11-26T09:23:56.491966+00:00 [None]>
[2022-11-26T09:24:34.116+0000] {taskinstance.py:1362} INFO - 
--------------------------------------------------------------------------------
[2022-11-26T09:24:34.117+0000] {taskinstance.py:1363} INFO - Starting attempt 1 of 2
[2022-11-26T09:24:34.118+0000] {taskinstance.py:1364} INFO - 
--------------------------------------------------------------------------------
[2022-11-26T09:24:34.126+0000] {taskinstance.py:1383} INFO - Executing <Task(BashOperator): download_dataset_task> on 2022-11-26 09:23:56.491966+00:00
[2022-11-26T09:24:34.132+0000] {standard_task_runner.py:55} INFO - Started process 233 to run task
[2022-11-26T09:24:34.135+0000] {standard_task_runner.py:82} INFO - Running: ['***', 'tasks', 'run', 'data_ingestion_s3_dag', 'download_dataset_task', 'manual__2022-11-26T09:23:56.491966+00:00', '--job-id', '94', '--pool', 'default_pool', '--raw', '--subdir', 'DAGS_FOLDER/data_ingestion_s3_dag.py', '--cfg-path', '/tmp/tmp00b_rloi']
[2022-11-26T09:24:34.138+0000] {standard_task_runner.py:83} INFO - Job 94: Subtask download_dataset_task
[2022-11-26T09:24:34.181+0000] {task_command.py:376} INFO - Running <TaskInstance: data_ingestion_s3_dag.download_dataset_task manual__2022-11-26T09:23:56.491966+00:00 [running]> on host 7d1b5368210b
[2022-11-26T09:24:34.223+0000] {taskinstance.py:1592} INFO - Exporting the following env vars:
AIRFLOW_CTX_DAG_OWNER=***
AIRFLOW_CTX_DAG_ID=data_ingestion_s3_dag
AIRFLOW_CTX_TASK_ID=download_dataset_task
AIRFLOW_CTX_EXECUTION_DATE=2022-11-26T09:23:56.491966+00:00
AIRFLOW_CTX_TRY_NUMBER=1
AIRFLOW_CTX_DAG_RUN_ID=manual__2022-11-26T09:23:56.491966+00:00
[2022-11-26T09:24:34.226+0000] {subprocess.py:63} INFO - Tmp dir root location: 
 /tmp
[2022-11-26T09:24:34.227+0000] {subprocess.py:75} INFO - Running command: ['/bin/bash', '-c', 'curl -sSL https://s3.amazonaws.com/nyc-tlc/trip+data/yellow_tripdata_2021-01.csv > /opt/***/yellow_tripdata_2021-01.csv']
[2022-11-26T09:24:34.238+0000] {subprocess.py:86} INFO - Output:
[2022-11-26T09:24:35.255+0000] {subprocess.py:97} INFO - Command exited with return code 0
[2022-11-26T09:24:35.273+0000] {taskinstance.py:1406} INFO - Marking task as SUCCESS. dag_id=data_ingestion_s3_dag, task_id=download_dataset_task, execution_date=20221126T092356, start_date=20221126T092434, end_date=20221126T092435
[2022-11-26T09:24:35.300+0000] {local_task_job.py:159} INFO - Task exited with return code 0
[2022-11-26T09:24:35.318+0000] {taskinstance.py:2623} INFO - 1 downstream tasks scheduled from follow-on schedule check
