[2022-11-30T00:00:03.080+0000] {taskinstance.py:1165} INFO - Dependencies all met for <TaskInstance: data_ingestion_s3_dag.download_dataset_task scheduled__2022-11-29T00:00:00+00:00 [queued]>
[2022-11-30T00:00:03.091+0000] {taskinstance.py:1165} INFO - Dependencies all met for <TaskInstance: data_ingestion_s3_dag.download_dataset_task scheduled__2022-11-29T00:00:00+00:00 [queued]>
[2022-11-30T00:00:03.092+0000] {taskinstance.py:1362} INFO - 
--------------------------------------------------------------------------------
[2022-11-30T00:00:03.093+0000] {taskinstance.py:1363} INFO - Starting attempt 1 of 2
[2022-11-30T00:00:03.094+0000] {taskinstance.py:1364} INFO - 
--------------------------------------------------------------------------------
[2022-11-30T00:00:03.103+0000] {taskinstance.py:1383} INFO - Executing <Task(BashOperator): download_dataset_task> on 2022-11-29 00:00:00+00:00
[2022-11-30T00:00:03.109+0000] {standard_task_runner.py:55} INFO - Started process 26468 to run task
[2022-11-30T00:00:03.112+0000] {standard_task_runner.py:82} INFO - Running: ['***', 'tasks', 'run', 'data_ingestion_s3_dag', 'download_dataset_task', 'scheduled__2022-11-29T00:00:00+00:00', '--job-id', '132', '--raw', '--subdir', 'DAGS_FOLDER/data_ingestion_s3_dag.py', '--cfg-path', '/tmp/tmps70ei6d4']
[2022-11-30T00:00:03.114+0000] {standard_task_runner.py:83} INFO - Job 132: Subtask download_dataset_task
[2022-11-30T00:00:03.157+0000] {task_command.py:376} INFO - Running <TaskInstance: data_ingestion_s3_dag.download_dataset_task scheduled__2022-11-29T00:00:00+00:00 [running]> on host 7d1b5368210b
[2022-11-30T00:00:03.201+0000] {taskinstance.py:1592} INFO - Exporting the following env vars:
AIRFLOW_CTX_DAG_OWNER=***
AIRFLOW_CTX_DAG_ID=data_ingestion_s3_dag
AIRFLOW_CTX_TASK_ID=download_dataset_task
AIRFLOW_CTX_EXECUTION_DATE=2022-11-29T00:00:00+00:00
AIRFLOW_CTX_TRY_NUMBER=1
AIRFLOW_CTX_DAG_RUN_ID=scheduled__2022-11-29T00:00:00+00:00
[2022-11-30T00:00:03.204+0000] {subprocess.py:63} INFO - Tmp dir root location: 
 /tmp
[2022-11-30T00:00:03.206+0000] {subprocess.py:75} INFO - Running command: ['/bin/bash', '-c', 'curl -sSL https://s3.amazonaws.com/nyc-tlc/trip+data/yellow_tripdata_2021-01.csv > /opt/***/yellow_tripdata_2021-01.csv']
[2022-11-30T00:00:03.226+0000] {subprocess.py:86} INFO - Output:
[2022-11-30T00:00:04.887+0000] {subprocess.py:97} INFO - Command exited with return code 0
[2022-11-30T00:00:04.921+0000] {taskinstance.py:1406} INFO - Marking task as SUCCESS. dag_id=data_ingestion_s3_dag, task_id=download_dataset_task, execution_date=20221129T000000, start_date=20221130T000003, end_date=20221130T000004
[2022-11-30T00:00:04.950+0000] {local_task_job.py:159} INFO - Task exited with return code 0
[2022-11-30T00:00:04.979+0000] {taskinstance.py:2623} INFO - 0 downstream tasks scheduled from follow-on schedule check
