[2022-11-30T00:00:05.728+0000] {taskinstance.py:1165} INFO - Dependencies all met for <TaskInstance: data_ingestion_s3_dag.format_to_parquet_task scheduled__2022-11-29T00:00:00+00:00 [queued]>
[2022-11-30T00:00:05.738+0000] {taskinstance.py:1165} INFO - Dependencies all met for <TaskInstance: data_ingestion_s3_dag.format_to_parquet_task scheduled__2022-11-29T00:00:00+00:00 [queued]>
[2022-11-30T00:00:05.739+0000] {taskinstance.py:1362} INFO - 
--------------------------------------------------------------------------------
[2022-11-30T00:00:05.740+0000] {taskinstance.py:1363} INFO - Starting attempt 1 of 2
[2022-11-30T00:00:05.741+0000] {taskinstance.py:1364} INFO - 
--------------------------------------------------------------------------------
[2022-11-30T00:00:05.758+0000] {taskinstance.py:1383} INFO - Executing <Task(PythonOperator): format_to_parquet_task> on 2022-11-29 00:00:00+00:00
[2022-11-30T00:00:05.765+0000] {standard_task_runner.py:55} INFO - Started process 26474 to run task
[2022-11-30T00:00:05.769+0000] {standard_task_runner.py:82} INFO - Running: ['***', 'tasks', 'run', 'data_ingestion_s3_dag', 'format_to_parquet_task', 'scheduled__2022-11-29T00:00:00+00:00', '--job-id', '133', '--raw', '--subdir', 'DAGS_FOLDER/data_ingestion_s3_dag.py', '--cfg-path', '/tmp/tmp91rx2bfd']
[2022-11-30T00:00:05.773+0000] {standard_task_runner.py:83} INFO - Job 133: Subtask format_to_parquet_task
[2022-11-30T00:00:05.841+0000] {task_command.py:376} INFO - Running <TaskInstance: data_ingestion_s3_dag.format_to_parquet_task scheduled__2022-11-29T00:00:00+00:00 [running]> on host 7d1b5368210b
[2022-11-30T00:00:05.904+0000] {taskinstance.py:1592} INFO - Exporting the following env vars:
AIRFLOW_CTX_DAG_OWNER=***
AIRFLOW_CTX_DAG_ID=data_ingestion_s3_dag
AIRFLOW_CTX_TASK_ID=format_to_parquet_task
AIRFLOW_CTX_EXECUTION_DATE=2022-11-29T00:00:00+00:00
AIRFLOW_CTX_TRY_NUMBER=1
AIRFLOW_CTX_DAG_RUN_ID=scheduled__2022-11-29T00:00:00+00:00
[2022-11-30T00:00:06.469+0000] {python.py:177} INFO - Done. Returned value was: None
[2022-11-30T00:00:06.497+0000] {taskinstance.py:1406} INFO - Marking task as SUCCESS. dag_id=data_ingestion_s3_dag, task_id=format_to_parquet_task, execution_date=20221129T000000, start_date=20221130T000005, end_date=20221130T000006
[2022-11-30T00:00:06.550+0000] {local_task_job.py:159} INFO - Task exited with return code 0
[2022-11-30T00:00:06.578+0000] {taskinstance.py:2623} INFO - 1 downstream tasks scheduled from follow-on schedule check
