[2022-11-22T17:27:25.447+0000] {taskinstance.py:1165} INFO - Dependencies all met for <TaskInstance: my_first_dag.weblog manual__2022-11-22T17:27:24.413165+00:00 [queued]>
[2022-11-22T17:27:25.456+0000] {taskinstance.py:1165} INFO - Dependencies all met for <TaskInstance: my_first_dag.weblog manual__2022-11-22T17:27:24.413165+00:00 [queued]>
[2022-11-22T17:27:25.457+0000] {taskinstance.py:1362} INFO - 
--------------------------------------------------------------------------------
[2022-11-22T17:27:25.458+0000] {taskinstance.py:1363} INFO - Starting attempt 1 of 3
[2022-11-22T17:27:25.459+0000] {taskinstance.py:1364} INFO - 
--------------------------------------------------------------------------------
[2022-11-22T17:27:25.469+0000] {taskinstance.py:1383} INFO - Executing <Task(PythonOperator): weblog> on 2022-11-22 17:27:24.413165+00:00
[2022-11-22T17:27:25.476+0000] {standard_task_runner.py:55} INFO - Started process 1334 to run task
[2022-11-22T17:27:25.483+0000] {standard_task_runner.py:82} INFO - Running: ['***', 'tasks', 'run', 'my_first_dag', 'weblog', 'manual__2022-11-22T17:27:24.413165+00:00', '--job-id', '38', '--raw', '--subdir', 'DAGS_FOLDER/my_first_dag.py', '--cfg-path', '/tmp/tmpgsg0dy0r']
[2022-11-22T17:27:25.484+0000] {standard_task_runner.py:83} INFO - Job 38: Subtask weblog
[2022-11-22T17:27:25.530+0000] {task_command.py:376} INFO - Running <TaskInstance: my_first_dag.weblog manual__2022-11-22T17:27:24.413165+00:00 [running]> on host 663c7a325818
[2022-11-22T17:27:25.574+0000] {taskinstance.py:1592} INFO - Exporting the following env vars:
AIRFLOW_CTX_DAG_OWNER=***
AIRFLOW_CTX_DAG_ID=my_first_dag
AIRFLOW_CTX_TASK_ID=weblog
AIRFLOW_CTX_EXECUTION_DATE=2022-11-22T17:27:24.413165+00:00
AIRFLOW_CTX_TRY_NUMBER=1
AIRFLOW_CTX_DAG_RUN_ID=manual__2022-11-22T17:27:24.413165+00:00
[2022-11-22T17:27:25.631+0000] {python.py:177} INFO - Done. Returned value was: None
[2022-11-22T17:27:25.641+0000] {taskinstance.py:1406} INFO - Marking task as SUCCESS. dag_id=my_first_dag, task_id=weblog, execution_date=20221122T172724, start_date=20221122T172725, end_date=20221122T172725
[2022-11-22T17:27:25.699+0000] {local_task_job.py:159} INFO - Task exited with return code 0
[2022-11-22T17:27:25.717+0000] {taskinstance.py:2623} INFO - 1 downstream tasks scheduled from follow-on schedule check
